<?xml version="1.0" encoding="UTF-8"?>
<!-- Generated by org.testng.reporters.JUnitReportReporter -->
<testsuite skipped="0" hostname="DESKTOP-SA2JNI0" name="br.com.treinaweb.selenium.tests.CadastroUsuarioTest" tests="1" failures="0" timestamp="19 ago 2020 01:19:59 GMT" time="0.870" errors="0">
  <testcase name="verificarEmailsDiferentesTest" time="0.870" classname="br.com.treinaweb.selenium.tests.CadastroUsuarioTest"/>
</testsuite> <!-- br.com.treinaweb.selenium.tests.CadastroUsuarioTest -->
